<?xml version="1.0" encoding="UTF-8"?>
<!-- Generated by org.testng.reporters.JUnitReportReporter -->
<testsuite hostname="Priya" failures="0" tests="1" name="com.qa.keyword.tests.LoginTest" time="9.713" errors="0" timestamp="2022-12-16T12:44:29 IST" skipped="0">
  <testcase classname="com.qa.keyword.tests.LoginTest" name="loginTest" time="9.713"/>
  <system-out/>
</testsuite> <!-- com.qa.keyword.tests.LoginTest -->
